In file included from include/anonymous/container/module.cppm:57:
In file included from include/anonymous/container/discrete/discrete.hpp:2:
In file included from include/anonymous/container/discrete/discrete_class/pair.hpp:32:
[1minclude/anonymous/container/discrete/discrete_class/pair.cpp:9:37: [0m[0;1;31merror: [0m[1mout-of-line definition of 'pair<type1, type2, device>' does not match any declaration in 'pair<type1, type2, device>'[0m
    9 | constexpr pair<type1,type2,device>::pair ( const pair_type auto& cvt )[0m
      | [0;1;32m                                    ^~~~
[0m[1minclude/anonymous/container/discrete/discrete_class/pair.hpp:2:7: [0m[0;1;36mnote: [0mpair defined here[0m
    2 | class pair[0m
      | [0;1;32m      ^~~~
[0mIn file included from include/anonymous/container/module.cppm:58:
In file included from include/anonymous/container/polymorphic/polymorphic.hpp:3:
[1minclude/anonymous/container/polymorphic/polymorphic_class/any.hpp:1:7: [0m[0;1;31merror: [0m[1mredefinition of 'any' as different kind of symbol[0m
    1 | class any[0m
      | [0;1;32m      ^
[0m[1minclude/anonymous/container/module.cppm:35:103: [0m[0;1;36mnote: [0mprevious definition is here[0m
   35 |     template <                                                             class device = cpu > class any;[0m
      | [0;1;32m                                                                                                      ^
[0mIn file included from include/anonymous/container/module.cppm:58:
In file included from include/anonymous/container/polymorphic/polymorphic.hpp:3:
In file included from include/anonymous/container/polymorphic/polymorphic_class/any.hpp:18:
[1minclude/anonymous/container/polymorphic/polymorphic_class/any.cpp:1:11: [0m[0;1;31merror: [0m[1munknown type name 'any'; did you mean 'std::any'?[0m
    1 | constexpr any::any ( auto init )[0m
      | [0;1;32m          ^~~
[0m      | [0;32m          std::any
[0m[1m/opt/homebrew/module/std/any.inc:16:14: [0m[0;1;36mnote: [0m'std::any' declared here[0m
   16 |   using std::any;[0m
      | [0;1;32m             ^
[0mIn file included from include/anonymous/container/module.cppm:58:
In file included from include/anonymous/container/polymorphic/polymorphic.hpp:3:
In file included from include/anonymous/container/polymorphic/polymorphic_class/any.hpp:18:
[1minclude/anonymous/container/polymorphic/polymorphic_class/any.cpp:7:16: [0m[0;1;31merror: [0m[1munknown type name 'any'; did you mean 'std::any'?[0m
    7 | constexpr bool any::empty ( ) const [0m
      | [0;1;32m               ^~~
[0m      | [0;32m               std::any
[0m[1m/opt/homebrew/module/std/any.inc:16:14: [0m[0;1;36mnote: [0m'std::any' declared here[0m
   16 |   using std::any;[0m
      | [0;1;32m             ^
[0mIn file included from include/anonymous/container/module.cppm:58:
In file included from include/anonymous/container/polymorphic/polymorphic.hpp:3:
In file included from include/anonymous/container/polymorphic/polymorphic_class/any.hpp:18:
[1minclude/anonymous/container/polymorphic/polymorphic_class/any.cpp:12:33: [0m[0;1;31merror: [0m[1munknown type name 'any'; did you mean 'std::any'?[0m
   12 | constexpr const std::type_info& any::type ( ) const[0m
      | [0;1;32m                                ^~~
[0m      | [0;32m                                std::any
[0m[1m/opt/homebrew/module/std/any.inc:16:14: [0m[0;1;36mnote: [0m'std::any' declared here[0m
   16 |   using std::any;[0m
      | [0;1;32m             ^
[0mIn file included from include/anonymous/container/module.cppm:58:
In file included from include/anonymous/container/polymorphic/polymorphic.hpp:3:
In file included from include/anonymous/container/polymorphic/polymorphic_class/any.hpp:18:
[1minclude/anonymous/container/polymorphic/polymorphic_class/any.cpp:18:23: [0m[0;1;31merror: [0m[1munknown type name 'any'; did you mean 'std::any'?[0m
   18 | constexpr value_type& any::value ( )[0m
      | [0;1;32m                      ^~~
[0m      | [0;32m                      std::any
[0m[1m/opt/homebrew/module/std/any.inc:16:14: [0m[0;1;36mnote: [0m'std::any' declared here[0m
   16 |   using std::any;[0m
      | [0;1;32m             ^
[0mIn file included from include/anonymous/container/module.cppm:58:
In file included from include/anonymous/container/polymorphic/polymorphic.hpp:3:
In file included from include/anonymous/container/polymorphic/polymorphic_class/any.hpp:18:
[1minclude/anonymous/container/polymorphic/polymorphic_class/any.cpp:28:29: [0m[0;1;31merror: [0m[1munknown type name 'any'; did you mean 'std::any'?[0m
   28 | constexpr const value_type& any::value ( ) const[0m
      | [0;1;32m                            ^~~
[0m      | [0;32m                            std::any
[0m[1m/opt/homebrew/module/std/any.inc:16:14: [0m[0;1;36mnote: [0m'std::any' declared here[0m
   16 |   using std::any;[0m
      | [0;1;32m             ^
[0mIn file included from include/anonymous/container/module.cppm:58:
In file included from include/anonymous/container/polymorphic/polymorphic.hpp:4:
[1minclude/anonymous/container/polymorphic/polymorphic_class/function.hpp:3:1: [0m[0;1;31merror: [0m[1mtoo few template parameters in template redeclaration[0m
    3 | template < class type >[0m
      | [0;1;32m^~~~~~~~~~~~~~~~~~~~~~~
[0m[1minclude/anonymous/container/module.cppm:36:5: [0m[0;1;36mnote: [0mprevious template declaration is here[0m
   36 |     template < class type,                                                 class device = cpu > class function;[0m
      | [0;1;32m    ^~~~~~~~~~~~~~~~~~~~~~~~~~~~~~~~~~~~~~~~~~~~~~~~~~~~~~~~~~~~~~~~~~~~~~~~~~~~~~~~~~~~~~~~~~~
[0mIn file included from include/anonymous/container/module.cppm:58:
In file included from include/anonymous/container/polymorphic/polymorphic.hpp:5:
[1minclude/anonymous/container/polymorphic/polymorphic_class/optional.hpp:4:1: [0m[0;1;31merror: [0m[1mtoo few template parameters in template redeclaration[0m
    4 | template < class types >[0m
      | [0;1;32m^~~~~~~~~~~~~~~~~~~~~~~~
[0m[1minclude/anonymous/container/module.cppm:37:5: [0m[0;1;36mnote: [0mprevious template declaration is here[0m
   37 |     template < class type,                                                 class device = cpu > class optional;[0m
      | [0;1;32m    ^~~~~~~~~~~~~~~~~~~~~~~~~~~~~~~~~~~~~~~~~~~~~~~~~~~~~~~~~~~~~~~~~~~~~~~~~~~~~~~~~~~~~~~~~~~
[0mIn file included from include/anonymous/container/module.cppm:58:
In file included from include/anonymous/container/polymorphic/polymorphic.hpp:5:
In file included from include/anonymous/container/polymorphic/polymorphic_class/optional.hpp:32:
[1minclude/anonymous/container/polymorphic/polymorphic_class/optional.cpp:2:45: [0m[0;1;31merror: [0m[1mexpected ')'[0m
    2 | constexpr optional<types>::optional ( types init )[0m
      | [0;1;32m                                            ^
[0m[1minclude/anonymous/container/polymorphic/polymorphic_class/optional.cpp:2:37: [0m[0;1;36mnote: [0mto match this '('[0m
    2 | constexpr optional<types>::optional ( types init )[0m
      | [0;1;32m                                    ^
[0m[1minclude/anonymous/container/polymorphic/polymorphic_class/optional.cpp:2:39: [0m[0;1;31merror: [0m[1mdeclaration of 'types' shadows template parameter [-Wstrict-primary-template-shadow][0m
    2 | constexpr optional<types>::optional ( types init )[0m
      | [0;1;32m                                      ^
[0m[1minclude/anonymous/container/polymorphic/polymorphic_class/optional.cpp:1:18: [0m[0;1;36mnote: [0mtemplate parameter is declared here[0m
    1 | template < class types >[0m
      | [0;1;32m                 ^
[0m[1minclude/anonymous/container/polymorphic/polymorphic_class/optional.cpp:3:5: [0m[0;1;31merror: [0m[1mexpected ';' after top level declarator[0m
    3 |     extends base ( std::move(init) )[0m
      | [0;1;32m    ^~~~~~~
[0m      | [0;32m    ;
[0m[1m<command line>:2:17: [0m[0;1;36mnote: [0mexpanded from macro 'extends'[0m
    2 | #define extends :[0m
      | [0;1;32m                ^
[0mIn file included from include/anonymous/container/module.cppm:58:
In file included from include/anonymous/container/polymorphic/polymorphic.hpp:5:
In file included from include/anonymous/container/polymorphic/polymorphic_class/optional.hpp:32:
[1minclude/anonymous/container/polymorphic/polymorphic_class/optional.cpp:3:30: [0m[0;1;31merror: [0m[1muse of undeclared identifier 'init'; did you mean 'int'?[0m
    3 |     extends base ( std::move(init) )[0m
      | [0;1;32m                             ^~~~
[0m      | [0;32m                             int
[0m[1minclude/anonymous/container/polymorphic/polymorphic_class/optional.cpp:3:13: [0m[0;1;31merror: [0m[1munknown type name 'base'[0m
    3 |     extends base ( std::move(init) )[0m
      | [0;1;32m            ^
[0m[1minclude/anonymous/container/polymorphic/polymorphic_class/optional.cpp:3:25: [0m[0;1;31merror: [0m[1mcannot define or redeclare 'move' here because namespace 'anonymous' does not enclose namespace 'std'[0m
    3 |     extends base ( std::move(init) )[0m
      | [0;1;32m                   ~~~~~^
[0m[1minclude/anonymous/container/polymorphic/polymorphic_class/optional.cpp:9:39: [0m[0;1;31merror: [0m[1mdeclaration conflicts with target of using declaration already in scope[0m
    9 | constexpr optional<types>::optional ( nullopt_t )[0m
      | [0;1;32m                                      ^
[0m[1m/opt/homebrew/Cellar/llvm/20.1.3/bin/../include/c++/v1/optional:274:8: [0m[0;1;36mnote: [0mtarget of using declaration[0m
  274 | struct nullopt_t {[0m
      | [0;1;32m       ^
[0m[1minclude/anonymous/container/polymorphic/polymorphic_class/optional.hpp:2:12: [0m[0;1;36mnote: [0musing declaration[0m
    2 | using std::nullopt_t;[0m
      | [0;1;32m           ^
[0mIn file included from include/anonymous/container/module.cppm:58:
In file included from include/anonymous/container/polymorphic/polymorphic.hpp:5:
In file included from include/anonymous/container/polymorphic/polymorphic_class/optional.hpp:32:
[1minclude/anonymous/container/polymorphic/polymorphic_class/optional.cpp:10:5: [0m[0;1;31merror: [0m[1mexpected ';' after top level declarator[0m
   10 |     extends base ( nullopt )[0m
      | [0;1;32m    ^~~~~~~
[0m      | [0;32m    ;
[0m[1m<command line>:2:17: [0m[0;1;36mnote: [0mexpanded from macro 'extends'[0m
    2 | #define extends :[0m
      | [0;1;32m                ^
[0mIn file included from include/anonymous/container/module.cppm:58:
In file included from include/anonymous/container/polymorphic/polymorphic.hpp:5:
In file included from include/anonymous/container/polymorphic/polymorphic_class/optional.hpp:32:
[1minclude/anonymous/container/polymorphic/polymorphic_class/optional.cpp:10:13: [0m[0;1;31merror: [0m[1munknown type name 'base'[0m
   10 |     extends base ( nullopt )[0m
      | [0;1;32m            ^
[0m[1minclude/anonymous/container/polymorphic/polymorphic_class/optional.cpp:13:2: [0m[0;1;31merror: [0m[1mexpected ';' after top level declarator[0m
   13 | }[0m
      | [0;1;32m ^
[0m      | [0;32m ;
[0m[0;1;31mfatal error: [0m[1mtoo many errors emitted, stopping now [-ferror-limit=][0m
20 errors generated.
